c:\users\mateu\onedrive\documentos\github\trabalho_biblioteca\trabalho_biblioteca\trabalho.085183a8\x64\debug\vc143.pdb
c:\users\mateu\onedrive\documentos\github\trabalho_biblioteca\trabalho_biblioteca\trabalho.085183a8\x64\debug\vc143.idb
c:\users\mateu\onedrive\documentos\github\trabalho_biblioteca\trabalho_biblioteca\trabalho.085183a8\x64\debug\usuario.obj
c:\users\mateu\onedrive\documentos\github\trabalho_biblioteca\trabalho_biblioteca\trabalho.085183a8\x64\debug\trabalho_biblioteca.obj
c:\users\mateu\onedrive\documentos\github\trabalho_biblioteca\trabalho_biblioteca\trabalho.085183a8\x64\debug\cliente.obj
c:\users\mateu\onedrive\documentos\github\trabalho_biblioteca\trabalho_biblioteca\trabalho.085183a8\x64\debug\livro.obj
c:\users\mateu\onedrive\documentos\github\trabalho_biblioteca\trabalho_biblioteca\trabalho.085183a8\x64\debug\administrador.obj
c:\users\mateu\onedrive\documentos\github\trabalho_biblioteca\trabalho_biblioteca\trabalho.085183a8\x64\debug\biblioteca.obj
c:\users\mateu\onedrive\documentos\github\trabalho_biblioteca\trabalho_biblioteca\trabalho.085183a8\x64\debug\emprestimo.obj
c:\users\mateu\onedrive\documentos\github\trabalho_biblioteca\trabalho_biblioteca\x64\debug\trabalho_biblioteca.exe
c:\users\mateu\onedrive\documentos\github\trabalho_biblioteca\trabalho_biblioteca\x64\debug\trabalho_biblioteca.pdb
c:\users\mateu\onedrive\documentos\github\trabalho_biblioteca\trabalho_biblioteca\trabalho.085183a8\x64\debug\trabalho_biblioteca.ilk
c:\users\mateu\onedrive\documentos\github\trabalho_biblioteca\trabalho_biblioteca\trabalho.085183a8\x64\debug\livros.obj
c:\users\mateu\onedrive\documentos\github\trabalho_biblioteca\trabalho_biblioteca\trabalho.085183a8\x64\debug\multa.obj
c:\users\mateu\onedrive\documentos\github\trabalho_biblioteca\trabalho_biblioteca\trabalho.085183a8\x64\debug\biblioteca.obj.enc
c:\users\mateu\onedrive\documentos\github\trabalho_biblioteca\trabalho_biblioteca\trabalho.085183a8\x64\debug\cliente.obj.enc
c:\users\mateu\onedrive\documentos\github\trabalho_biblioteca\trabalho_biblioteca\trabalho.085183a8\x64\debug\trabalho_biblioteca.obj.enc
c:\users\mateu\onedrive\documentos\github\trabalho_biblioteca\trabalho_biblioteca\trabalho.085183a8\x64\debug\trabalho.085183a8.tlog\cl.command.1.tlog
c:\users\mateu\onedrive\documentos\github\trabalho_biblioteca\trabalho_biblioteca\trabalho.085183a8\x64\debug\trabalho.085183a8.tlog\cl.items.tlog
c:\users\mateu\onedrive\documentos\github\trabalho_biblioteca\trabalho_biblioteca\trabalho.085183a8\x64\debug\trabalho.085183a8.tlog\cl.read.1.tlog
c:\users\mateu\onedrive\documentos\github\trabalho_biblioteca\trabalho_biblioteca\trabalho.085183a8\x64\debug\trabalho.085183a8.tlog\cl.write.1.tlog
c:\users\mateu\onedrive\documentos\github\trabalho_biblioteca\trabalho_biblioteca\trabalho.085183a8\x64\debug\trabalho.085183a8.tlog\link.command.1.tlog
c:\users\mateu\onedrive\documentos\github\trabalho_biblioteca\trabalho_biblioteca\trabalho.085183a8\x64\debug\trabalho.085183a8.tlog\link.read.1.tlog
c:\users\mateu\onedrive\documentos\github\trabalho_biblioteca\trabalho_biblioteca\trabalho.085183a8\x64\debug\trabalho.085183a8.tlog\link.secondary.1.tlog
c:\users\mateu\onedrive\documentos\github\trabalho_biblioteca\trabalho_biblioteca\trabalho.085183a8\x64\debug\trabalho.085183a8.tlog\link.write.1.tlog
